\BOOKMARK [0][-]{chapter.1}{\376\377\000H\000i\000e\000r\000a\000r\000c\000h\000i\000c\000a\000l\000\040\000I\000n\000d\000e\000x}{}% 1
\BOOKMARK [1][-]{section.1.1}{\376\377\000C\000l\000a\000s\000s\000\040\000H\000i\000e\000r\000a\000r\000c\000h\000y}{chapter.1}% 2
\BOOKMARK [0][-]{chapter.2}{\376\377\000C\000l\000a\000s\000s\000\040\000I\000n\000d\000e\000x}{}% 3
\BOOKMARK [1][-]{section.2.1}{\376\377\000C\000l\000a\000s\000s\000\040\000L\000i\000s\000t}{chapter.2}% 4
\BOOKMARK [0][-]{chapter.3}{\376\377\000C\000l\000a\000s\000s\000\040\000D\000o\000c\000u\000m\000e\000n\000t\000a\000t\000i\000o\000n}{}% 5
\BOOKMARK [1][-]{section.3.1}{\376\377\000c\000o\000m\000.\000s\000p\000i\000l\000g\000a\000m\000e\000s\000.\000f\000r\000a\000m\000e\000w\000o\000r\000k\000.\000t\000r\000a\000c\000k\000i\000n\000g\000.\000i\000m\000p\000l\000.\000B\000a\000s\000e\000T\000r\000a\000c\000k\000e\000r\000\040\000C\000l\000a\000s\000s\000\040\000R\000e\000f\000e\000r\000e\000n\000c\000e}{chapter.3}% 6
\BOOKMARK [1][-]{section.3.2}{\376\377\000c\000o\000m\000.\000s\000p\000i\000l\000g\000a\000m\000e\000s\000.\000f\000r\000a\000m\000e\000w\000o\000r\000k\000.\000d\000a\000t\000a\000.\000m\000a\000n\000a\000g\000e\000r\000s\000.\000C\000o\000n\000f\000i\000g\000u\000r\000a\000t\000i\000o\000n\000s\000M\000a\000n\000a\000g\000e\000r\000.\000C\000o\000n\000f\000i\000g\000u\000r\000a\000t\000i\000o\000n\000M\000a\000n\000a\000g\000e\000r\000L\000i\000s\000t\000e\000n\000e\000r\000\040\000I\000n\000t\000e\000r\000f\000a\000c\000e\000\040\000R\000e\000f\000e\000r\000e\000n\000c\000e}{chapter.3}% 7
\BOOKMARK [1][-]{section.3.3}{\376\377\000c\000o\000m\000.\000s\000p\000i\000l\000g\000a\000m\000e\000s\000.\000f\000r\000a\000m\000e\000w\000o\000r\000k\000.\000d\000a\000t\000a\000.\000C\000o\000n\000f\000i\000g\000u\000r\000a\000t\000i\000o\000n\000s\000\040\000C\000l\000a\000s\000s\000\040\000R\000e\000f\000e\000r\000e\000n\000c\000e}{chapter.3}% 8
\BOOKMARK [1][-]{section.3.4}{\376\377\000c\000o\000m\000.\000s\000p\000i\000l\000g\000a\000m\000e\000s\000.\000f\000r\000a\000m\000e\000w\000o\000r\000k\000.\000d\000a\000t\000a\000.\000d\000a\000o\000.\000C\000o\000n\000f\000i\000g\000u\000r\000a\000t\000i\000o\000n\000s\000D\000A\000O\000\040\000I\000n\000t\000e\000r\000f\000a\000c\000e\000\040\000R\000e\000f\000e\000r\000e\000n\000c\000e}{chapter.3}% 9
\BOOKMARK [1][-]{section.3.5}{\376\377\000c\000o\000m\000.\000s\000p\000i\000l\000g\000a\000m\000e\000s\000.\000f\000r\000a\000m\000e\000w\000o\000r\000k\000.\000d\000a\000t\000a\000.\000m\000a\000n\000a\000g\000e\000r\000s\000.\000C\000o\000n\000f\000i\000g\000u\000r\000a\000t\000i\000o\000n\000s\000M\000a\000n\000a\000g\000e\000r\000\040\000I\000n\000t\000e\000r\000f\000a\000c\000e\000\040\000R\000e\000f\000e\000r\000e\000n\000c\000e}{chapter.3}% 10
\BOOKMARK [1][-]{section.3.6}{\376\377\000c\000o\000m\000.\000s\000p\000i\000l\000g\000a\000m\000e\000s\000.\000f\000r\000a\000m\000e\000w\000o\000r\000k\000.\000d\000a\000t\000a\000.\000m\000a\000n\000a\000g\000e\000r\000s\000.\000i\000m\000p\000l\000.\000C\000o\000n\000f\000i\000g\000u\000r\000a\000t\000i\000o\000n\000s\000M\000a\000n\000a\000g\000e\000r\000I\000m\000p\000l\000\040\000C\000l\000a\000s\000s\000\040\000R\000e\000f\000e\000r\000e\000n\000c\000e}{chapter.3}% 11
\BOOKMARK [1][-]{section.3.7}{\376\377\000c\000o\000m\000.\000s\000p\000i\000l\000g\000a\000m\000e\000s\000.\000f\000r\000a\000m\000e\000w\000o\000r\000k\000.\000c\000o\000r\000e\000.\000p\000a\000r\000s\000e\000r\000.\000j\000s\000o\000n\000.\000i\000m\000p\000l\000.\000C\000o\000n\000f\000i\000g\000u\000r\000a\000t\000i\000o\000n\000s\000P\000a\000r\000s\000e\000r\000\040\000C\000l\000a\000s\000s\000\040\000R\000e\000f\000e\000r\000e\000n\000c\000e}{chapter.3}% 12
\BOOKMARK [1][-]{section.3.8}{\376\377\000c\000o\000m\000.\000s\000p\000i\000l\000g\000a\000m\000e\000s\000.\000f\000r\000a\000m\000e\000w\000o\000r\000k\000.\000t\000r\000a\000c\000k\000i\000n\000g\000.\000i\000m\000p\000l\000.\000F\000l\000u\000r\000r\000y\000T\000r\000a\000c\000k\000e\000r\000\040\000C\000l\000a\000s\000s\000\040\000R\000e\000f\000e\000r\000e\000n\000c\000e}{chapter.3}% 13
\BOOKMARK [1][-]{section.3.9}{\376\377\000c\000o\000m\000.\000s\000p\000i\000l\000g\000a\000m\000e\000s\000.\000f\000r\000a\000m\000e\000w\000o\000r\000k\000.\000c\000o\000r\000e\000.\000s\000e\000r\000v\000e\000r\000.\000F\000r\000a\000m\000e\000w\000o\000r\000k\000U\000r\000l\000H\000e\000l\000p\000e\000r\000\040\000C\000l\000a\000s\000s\000\040\000R\000e\000f\000e\000r\000e\000n\000c\000e}{chapter.3}% 14
\BOOKMARK [1][-]{section.3.10}{\376\377\000c\000o\000m\000.\000s\000p\000i\000l\000g\000a\000m\000e\000s\000.\000f\000r\000a\000m\000e\000w\000o\000r\000k\000.\000c\000o\000r\000e\000.\000G\000e\000n\000d\000e\000r\000\040\000E\000n\000u\000m\000\040\000R\000e\000f\000e\000r\000e\000n\000c\000e}{chapter.3}% 15
\BOOKMARK [1][-]{section.3.11}{\376\377\000c\000o\000m\000.\000s\000p\000i\000l\000g\000a\000m\000e\000s\000.\000f\000r\000a\000m\000e\000w\000o\000r\000k\000.\000t\000r\000a\000c\000k\000i\000n\000g\000.\000i\000m\000p\000l\000.\000G\000o\000o\000g\000l\000e\000A\000n\000a\000l\000y\000t\000i\000c\000s\000T\000r\000a\000c\000k\000e\000r\000\040\000C\000l\000a\000s\000s\000\040\000R\000e\000f\000e\000r\000e\000n\000c\000e}{chapter.3}% 16
\BOOKMARK [1][-]{section.3.12}{\376\377\000c\000o\000m\000.\000s\000p\000i\000l\000g\000a\000m\000e\000s\000.\000f\000r\000a\000m\000e\000w\000o\000r\000k\000.\000c\000o\000r\000e\000.\000e\000r\000r\000o\000r\000h\000a\000n\000d\000l\000i\000n\000g\000.\000e\000x\000c\000e\000p\000t\000i\000o\000n\000s\000.\000N\000u\000l\000l\000H\000o\000s\000t\000E\000x\000c\000e\000p\000t\000i\000o\000n\000\040\000C\000l\000a\000s\000s\000\040\000R\000e\000f\000e\000r\000e\000n\000c\000e}{chapter.3}% 17
\BOOKMARK [1][-]{section.3.13}{\376\377\000c\000o\000m\000.\000s\000p\000i\000l\000g\000a\000m\000e\000s\000.\000f\000r\000a\000m\000e\000w\000o\000r\000k\000.\000t\000r\000a\000c\000k\000i\000n\000g\000.\000i\000m\000p\000l\000.\000S\000e\000t\000T\000r\000a\000c\000k\000e\000r\000\040\000C\000l\000a\000s\000s\000\040\000R\000e\000f\000e\000r\000e\000n\000c\000e}{chapter.3}% 18
\BOOKMARK [1][-]{section.3.14}{\376\377\000c\000o\000m\000.\000s\000p\000i\000l\000g\000a\000m\000e\000s\000.\000f\000r\000a\000m\000e\000w\000o\000r\000k\000.\000S\000p\000i\000l\000\040\000C\000l\000a\000s\000s\000\040\000R\000e\000f\000e\000r\000e\000n\000c\000e}{chapter.3}% 19
\BOOKMARK [2][-]{subsection.3.14.1}{\376\377\000M\000e\000m\000b\000e\000r\000\040\000F\000u\000n\000c\000t\000i\000o\000n\000\040\000D\000o\000c\000u\000m\000e\000n\000t\000a\000t\000i\000o\000n}{section.3.14}% 20
\BOOKMARK [3][-]{subsubsection.3.14.1.1}{\376\377\000t\000r\000a\000c\000k\000A\000g\000e}{subsection.3.14.1}% 21
\BOOKMARK [3][-]{subsubsection.3.14.1.2}{\376\377\000t\000r\000a\000c\000k\000E\000n\000d\000T\000i\000m\000e\000d\000E\000v\000e\000n\000t}{subsection.3.14.1}% 22
\BOOKMARK [3][-]{subsubsection.3.14.1.3}{\376\377\000t\000r\000a\000c\000k\000E\000n\000d\000T\000i\000m\000e\000d\000E\000v\000e\000n\000t}{subsection.3.14.1}% 23
\BOOKMARK [3][-]{subsubsection.3.14.1.4}{\376\377\000t\000r\000a\000c\000k\000E\000r\000r\000o\000r}{subsection.3.14.1}% 24
\BOOKMARK [3][-]{subsubsection.3.14.1.5}{\376\377\000t\000r\000a\000c\000k\000E\000v\000e\000n\000t}{subsection.3.14.1}% 25
\BOOKMARK [3][-]{subsubsection.3.14.1.6}{\376\377\000t\000r\000a\000c\000k\000E\000v\000e\000n\000t}{subsection.3.14.1}% 26
\BOOKMARK [3][-]{subsubsection.3.14.1.7}{\376\377\000t\000r\000a\000c\000k\000E\000v\000e\000n\000t}{subsection.3.14.1}% 27
\BOOKMARK [3][-]{subsubsection.3.14.1.8}{\376\377\000t\000r\000a\000c\000k\000E\000v\000e\000n\000t}{subsection.3.14.1}% 28
\BOOKMARK [3][-]{subsubsection.3.14.1.9}{\376\377\000t\000r\000a\000c\000k\000G\000e\000n\000d\000e\000r}{subsection.3.14.1}% 29
\BOOKMARK [3][-]{subsubsection.3.14.1.10}{\376\377\000t\000r\000a\000c\000k\000L\000o\000c\000a\000t\000i\000o\000n}{subsection.3.14.1}% 30
\BOOKMARK [3][-]{subsubsection.3.14.1.11}{\376\377\000t\000r\000a\000c\000k\000P\000a\000g\000e}{subsection.3.14.1}% 31
\BOOKMARK [3][-]{subsubsection.3.14.1.12}{\376\377\000t\000r\000a\000c\000k\000T\000i\000m\000e\000d\000E\000v\000e\000n\000t}{subsection.3.14.1}% 32
\BOOKMARK [3][-]{subsubsection.3.14.1.13}{\376\377\000t\000r\000a\000c\000k\000U\000s\000e\000r\000I\000d}{subsection.3.14.1}% 33
\BOOKMARK [1][-]{section.3.15}{\376\377\000c\000o\000m\000.\000s\000p\000i\000l\000g\000a\000m\000e\000s\000.\000f\000r\000a\000m\000e\000w\000o\000r\000k\000.\000u\000i\000.\000S\000p\000i\000l\000A\000c\000t\000i\000v\000i\000t\000y\000\040\000C\000l\000a\000s\000s\000\040\000R\000e\000f\000e\000r\000e\000n\000c\000e}{chapter.3}% 34
\BOOKMARK [1][-]{section.3.16}{\376\377\000c\000o\000m\000.\000s\000p\000i\000l\000g\000a\000m\000e\000s\000.\000f\000r\000a\000m\000e\000w\000o\000r\000k\000.\000c\000o\000r\000e\000.\000S\000p\000i\000l\000C\000o\000n\000s\000t\000a\000n\000t\000s\000\040\000C\000l\000a\000s\000s\000\040\000R\000e\000f\000e\000r\000e\000n\000c\000e}{chapter.3}% 35
\BOOKMARK [1][-]{section.3.17}{\376\377\000c\000o\000m\000.\000s\000p\000i\000l\000g\000a\000m\000e\000s\000.\000f\000r\000a\000m\000e\000w\000o\000r\000k\000.\000t\000r\000a\000c\000k\000i\000n\000g\000.\000S\000p\000i\000l\000T\000r\000a\000c\000k\000e\000r\000\040\000I\000n\000t\000e\000r\000f\000a\000c\000e\000\040\000R\000e\000f\000e\000r\000e\000n\000c\000e}{chapter.3}% 36
\BOOKMARK [2][-]{subsection.3.17.1}{\376\377\000D\000e\000t\000a\000i\000l\000e\000d\000\040\000D\000e\000s\000c\000r\000i\000p\000t\000i\000o\000n}{section.3.17}% 37
\BOOKMARK [1][-]{section.3.18}{\376\377\000c\000o\000m\000.\000s\000p\000i\000l\000g\000a\000m\000e\000s\000.\000f\000r\000a\000m\000e\000w\000o\000r\000k\000.\000c\000o\000r\000e\000.\000p\000a\000r\000s\000e\000r\000.\000j\000s\000o\000n\000.\000i\000m\000p\000l\000.\000T\000r\000a\000c\000k\000i\000n\000g\000P\000a\000r\000s\000e\000r\000\040\000C\000l\000a\000s\000s\000\040\000R\000e\000f\000e\000r\000e\000n\000c\000e}{chapter.3}% 38
\BOOKMARK [1][-]{section.3.19}{\376\377\000c\000o\000m\000.\000s\000p\000i\000l\000g\000a\000m\000e\000s\000.\000f\000r\000a\000m\000e\000w\000o\000r\000k\000.\000t\000r\000a\000c\000k\000i\000n\000g\000.\000T\000r\000a\000c\000k\000i\000n\000g\000S\000y\000s\000t\000e\000m\000s\000\040\000E\000n\000u\000m\000\040\000R\000e\000f\000e\000r\000e\000n\000c\000e}{chapter.3}% 39
\BOOKMARK [1][-]{section.3.20}{\376\377\000c\000o\000m\000.\000s\000p\000i\000l\000g\000a\000m\000e\000s\000.\000f\000r\000a\000m\000e\000w\000o\000r\000k\000.\000c\000o\000r\000e\000.\000s\000e\000r\000v\000e\000r\000.\000U\000r\000l\000C\000o\000n\000s\000t\000a\000n\000t\000s\000\040\000C\000l\000a\000s\000s\000\040\000R\000e\000f\000e\000r\000e\000n\000c\000e}{chapter.3}% 40
\BOOKMARK [1][-]{section.3.21}{\376\377\000c\000o\000m\000.\000s\000p\000i\000l\000g\000a\000m\000e\000s\000.\000f\000r\000a\000m\000e\000w\000o\000r\000k\000.\000d\000a\000t\000a\000.\000d\000a\000o\000.\000i\000m\000p\000l\000.\000W\000e\000b\000C\000o\000n\000f\000i\000g\000u\000r\000a\000t\000i\000o\000n\000s\000D\000A\000O\000\040\000C\000l\000a\000s\000s\000\040\000R\000e\000f\000e\000r\000e\000n\000c\000e}{chapter.3}% 41
\BOOKMARK [-1][-]{section*.26}{\376\377\000I\000n\000d\000e\000x}{}% 42
